2022-05-30 03:44:02,112---[INFO]---[root]---[common_config.py---get_value---33]---------- 获取到指定配置文件的值，selection：browser_type---key：browser---result：chrome -------
2022-05-30 03:44:02,114---[INFO]---[root]---[common_driver.py---get_driver---42]----------当前浏览器是：chrome-------
2022-05-30 03:44:04,142---[INFO]---[root]---[common_config.py---get_value---33]---------- 获取到指定配置文件的值，selection：urls---key：dafault_url---result：https://qq.com/ -------
2022-05-30 03:54:07,953---[INFO]---[root]---[common_config.py---get_value---33]---------- 获取到指定配置文件的值，selection：browser_type---key：browser---result：chrome -------
2022-05-30 03:54:07,954---[INFO]---[root]---[common_driver.py---get_driver---45]----------当前浏览器是：chrome-------
2022-05-30 03:54:10,166---[INFO]---[root]---[common_config.py---get_value---33]---------- 获取到指定配置文件的值，selection：urls---key：dafault_url---result：https://qq.com/ -------
2022-05-30 03:55:05,104---[INFO]---[root]---[common_config.py---get_value---33]---------- 获取到指定配置文件的值，selection：browser_type---key：browser---result：edge -------
2022-05-30 03:55:05,104---[INFO]---[root]---[common_driver.py---get_driver---42]----------当前浏览器是：edge-------
2022-05-30 03:55:08,912---[INFO]---[root]---[common_config.py---get_value---33]---------- 获取到指定配置文件的值，selection：urls---key：dafault_url---result：https://qq.com/ -------
2022-05-30 03:55:37,149---[INFO]---[root]---[common_config.py---get_value---33]---------- 获取到指定配置文件的值，selection：browser_type---key：browser---result：firefox -------
2022-05-30 03:55:37,149---[INFO]---[root]---[common_driver.py---get_driver---39]----------当前浏览器是：firefox-------
2022-05-30 03:55:45,479---[INFO]---[root]---[common_config.py---get_value---33]---------- 获取到指定配置文件的值，selection：urls---key：dafault_url---result：https://qq.com/ -------
2022-05-30 04:09:20,482---[INFO]---[root]---[run_all.py---run_all---24]-------------json_path的目录为：F:\WebUiAutomation\allure_report\json_path----------
2022-05-30 04:09:20,493---[INFO]---[root]---[run_all.py---run_all---25]-------------allure_path的目录为：F:\WebUiAutomation\allure_report\allure_path----------
2022-05-30 04:09:22,528---[INFO]---[root]---[common_driver.py---get_driver---45]----------当前浏览器是：chrome-------
2022-05-30 04:17:52,818---[INFO]---[root]---[common_driver.py---get_driver---45]----------当前浏览器是：chrome-------
2022-05-30 04:18:16,988---[INFO]---[root]---[common_driver.py---get_driver---42]----------当前浏览器是：edge-------
2022-05-30 04:18:30,380---[ERROR]---[root]---[common_driver.py---get_driver---48]----------暂时不支持当前浏览器：e，请更换一款浏览器！(暂时支持Chrome，Firefox，edge)-------
2022-05-30 04:18:49,037---[INFO]---[root]---[run_all.py---run_all---24]-------------json_path的目录为：F:\WebUiAutomation\allure_report\json_path----------
2022-05-30 04:18:49,038---[INFO]---[root]---[run_all.py---run_all---25]-------------allure_path的目录为：F:\WebUiAutomation\allure_report\allure_path----------
2022-05-30 04:18:55,601---[INFO]---[root]---[common_driver.py---get_driver---45]----------当前浏览器是：chrome-------
2022-05-30 04:26:49,006---[INFO]---[root]---[common_driver.py---get_driver---42]----------当前浏览器是：edge-------
2022-05-30 04:28:27,767---[INFO]---[root]---[run_all.py---run_all---24]-------------json_path的目录为：F:\WebUiAutomation\allure_report\json_path----------
2022-05-30 04:28:27,768---[INFO]---[root]---[run_all.py---run_all---25]-------------allure_path的目录为：F:\WebUiAutomation\allure_report\allure_path----------
2022-05-30 04:28:35,599---[INFO]---[root]---[common_driver.py---get_driver---45]----------当前浏览器是：chrome-------
